Arguments: 
  /snap/node/8286/bin/node /snap/node/8286/bin/yarn.js add hardhart --dev

PATH: 
  /usr/local/sbin:/usr/local/bin:/usr/sbin:/usr/bin:/sbin:/bin:/usr/games:/usr/local/games:/snap/bin:/snap/bin:/home/devabel/.foundry/bin:/home/devabel/.foundry/bin

Yarn version: 
  1.22.19

Node version: 
  20.11.1

Platform: 
  linux x64

Trace: 
  Error: https://registry.yarnpkg.com/hardhart: Not found
      at params.callback [as _callback] (/snap/node/8286/lib/cli.js:66145:18)
      at self.callback (/snap/node/8286/lib/cli.js:140890:22)
      at Request.emit (node:events:518:28)
      at Request.<anonymous> (/snap/node/8286/lib/cli.js:141862:10)
      at Request.emit (node:events:518:28)
      at IncomingMessage.<anonymous> (/snap/node/8286/lib/cli.js:141784:12)
      at Object.onceWrapper (node:events:632:28)
      at IncomingMessage.emit (node:events:530:35)
      at endReadableNT (node:internal/streams/readable:1696:12)
      at process.processTicksAndRejections (node:internal/process/task_queues:82:21)

npm manifest: 
  No manifest

yarn manifest: 
  No manifest

Lockfile: 
  No lockfile
